[debug] [2022-02-28T11:12:09.414Z] ----------------------------------------------------------------------
[debug] [2022-02-28T11:12:09.416Z] Command:       /Users/kinuthia/.nvm/versions/node/v16.14.0/bin/node /Users/kinuthia/.nvm/versions/node/v16.14.0/bin/firebase init
[debug] [2022-02-28T11:12:09.416Z] CLI Version:   10.2.1
[debug] [2022-02-28T11:12:09.416Z] Platform:      darwin
[debug] [2022-02-28T11:12:09.416Z] Node Version:  v16.14.0
[debug] [2022-02-28T11:12:09.417Z] Time:          Mon Feb 28 2022 14:12:09 GMT+0300 (East Africa Time)
[debug] [2022-02-28T11:12:09.417Z] ----------------------------------------------------------------------
[debug] 
[debug] [2022-02-28T11:12:09.422Z] > command requires scopes: ["email","openid","https://www.googleapis.com/auth/cloudplatformprojects.readonly","https://www.googleapis.com/auth/firebase","https://www.googleapis.com/auth/cloud-platform"]
[debug] [2022-02-28T11:12:09.423Z] > authorizing via signed-in user (kin.ndungu@gmail.com)
[info] 
     ######## #### ########  ######## ########     ###     ######  ########
     ##        ##  ##     ## ##       ##     ##  ##   ##  ##       ##
     ######    ##  ########  ######   ########  #########  ######  ######
     ##        ##  ##    ##  ##       ##     ## ##     ##       ## ##
     ##       #### ##     ## ######## ########  ##     ##  ######  ########

You're about to initialize a Firebase project in this directory:

  /Users/kinuthia/Desktop/zipf

[info] 
=== Project Setup
[info] 
[info] First, let's associate this project directory with a Firebase project.
[info] You can create multiple project aliases by running firebase use --add, 
[info] but for now we'll just set up a default project.
[info] 
[debug] [2022-02-28T11:13:47.019Z] >>> [apiv2][query] GET https://firebase.googleapis.com/v1beta1/projects pageSize=100
[debug] [2022-02-28T11:13:47.953Z] <<< [apiv2][status] GET https://firebase.googleapis.com/v1beta1/projects 200
[debug] [2022-02-28T11:13:47.953Z] <<< [apiv2][body] GET https://firebase.googleapis.com/v1beta1/projects [omitted]
[info] i  Using project zipf-a134a (zipf) 
[info] 
=== Hosting Setup
[info] 
[info] Your public directory is the folder (relative to your project directory) that
[info] will contain Hosting assets to be uploaded with firebase deploy. If you
[info] have a build process for your assets, use your build's output directory.
[info] 
[debug] [2022-02-28T11:14:58.622Z] >>> [apiv2][query] GET https://www.gstatic.com/firebasejs/releases.json [none]
[debug] [2022-02-28T11:14:59.052Z] <<< [apiv2][status] GET https://www.gstatic.com/firebasejs/releases.json 200
[debug] [2022-02-28T11:14:59.053Z] <<< [apiv2][body] GET https://www.gstatic.com/firebasejs/releases.json {"current":{"version":"9.6.7","browserURL":"https://www.gstatic.com/firebasejs/9.6.7/firebase.js","packageURL":"https://www.gstatic.com/firebasejs/9.6.7/firebase.tgz"},"live":{"version":"9.6","browserURL":"https://www.gstatic.com/firebasejs/live/9.6/firebase.js","packageURL":"https://www.gstatic.com/firebasejs/live/9.6/firebase.tgz"},"components":{"analytics":"https://www.gstatic.com/firebasejs/9.6.7/firebase-analytics.js","app":"https://www.gstatic.com/firebasejs/9.6.7/firebase-app.js","app-check":"https://www.gstatic.com/firebasejs/9.6.7/firebase-app-check.js","auth":"https://www.gstatic.com/firebasejs/9.6.7/firebase-auth.js","auth/cordova":"https://www.gstatic.com/firebasejs/9.6.7/firebase-auth/cordova.js","auth/react-native":"https://www.gstatic.com/firebasejs/9.6.7/firebase-auth/react-native.js","functions":"https://www.gstatic.com/firebasejs/9.6.7/firebase-functions.js","firestore":"https://www.gstatic.com/firebasejs/9.6.7/firebase-firestore.js","firestore/lite":"https://www.gstatic.com/firebasejs/9.6.7/firebase-firestore/lite.js","storage":"https://www.gstatic.com/firebasejs/9.6.7/firebase-storage.js","performance":"https://www.gstatic.com/firebasejs/9.6.7/firebase-performance.js","remote-config":"https://www.gstatic.com/firebasejs/9.6.7/firebase-remote-config.js","messaging":"https://www.gstatic.com/firebasejs/9.6.7/firebase-messaging.js","messaging/sw":"https://www.gstatic.com/firebasejs/9.6.7/firebase-messaging/sw.js","database":"https://www.gstatic.com/firebasejs/9.6.7/firebase-database.js","firestore.memory":"https://www.gstatic.com/firebasejs/9.6.7/firebase-firestore.memory.js"}}
[info] i  Skipping write of build/index.html 
[info] 
[info] i  Detected a .git folder at /Users/kinuthia/Desktop/zipf 
[info] i  Authorizing with GitHub to upload your service account to a GitHub repository's secrets store. 
[info] 
[info] Visit this URL on this device to log in:
[info] https://github.com/login/oauth/authorize?client_id=89cf50f02ac6aaed3484&state=711858381&redirect_uri=http%3A%2F%2Flocalhost%3A9005&scope=read%3Auser%20repo%20public_repo
[info] 
[info] Waiting for authentication...
[debug] [2022-02-28T11:16:06.355Z] >>> HTTP REQUEST POST https://github.com/login/oauth/access_token  
 {"client_id":"89cf50f02ac6aaed3484","client_secret":"3330d14abc895d9a74d5f17cd7a00711fa2c5bf0","code":"8af01d28a6d121082b8b","redirect_uri":"http://localhost:9005","state":"711858381"}
[debug] [2022-02-28T11:16:07.308Z] <<< HTTP RESPONSE 200 {"server":"GitHub.com","date":"Mon, 28 Feb 2022 11:16:07 GMT","content-type":"application/json; charset=utf-8","transfer-encoding":"chunked","vary":"X-PJAX, X-PJAX-Container, Accept-Encoding, Accept, X-Requested-With","permissions-policy":"interest-cohort=()","etag":"W/\"fbc868eda26c92490e164797eb6a00aa\"","cache-control":"max-age=0, private, must-revalidate","strict-transport-security":"max-age=31536000; includeSubdomains; preload","x-frame-options":"deny","x-content-type-options":"nosniff","x-xss-protection":"0","referrer-policy":"origin-when-cross-origin, strict-origin-when-cross-origin","expect-ct":"max-age=2592000, report-uri=\"https://api.github.com/_private/browser/errors\"","content-security-policy":"default-src 'none'; base-uri 'self'; block-all-mixed-content; child-src github.com/assets-cdn/worker/ gist.github.com/assets-cdn/worker/; connect-src 'self' uploads.github.com objects-origin.githubusercontent.com www.githubstatus.com collector.githubapp.com collector.github.com api.github.com github-cloud.s3.amazonaws.com github-production-repository-file-5c1aeb.s3.amazonaws.com github-production-upload-manifest-file-7fdce7.s3.amazonaws.com github-production-user-asset-6210df.s3.amazonaws.com cdn.optimizely.com logx.optimizely.com/v1/events translator.github.com wss://alive.github.com; font-src github.githubassets.com; form-action 'self' github.com gist.github.com objects-origin.githubusercontent.com; frame-ancestors 'none'; frame-src render.githubusercontent.com viewscreen.githubusercontent.com notebooks.githubusercontent.com; img-src 'self' data: github.githubassets.com identicons.github.com collector.githubapp.com collector.github.com github-cloud.s3.amazonaws.com secured-user-images.githubusercontent.com/ *.githubusercontent.com; manifest-src 'self'; media-src github.com user-images.githubusercontent.com/; script-src github.githubassets.com; style-src 'unsafe-inline' github.githubassets.com; worker-src github.com/assets-cdn/worker/ gist.github.com/assets-cdn/worker/","x-github-request-id":"0E9D:1A9D:30C5BC:35F36B:621CAEF7"}
[debug] [2022-02-28T11:16:07.315Z] >>> [apiv2][query] GET https://api.github.com/user [none]
[debug] [2022-02-28T11:16:08.336Z] <<< [apiv2][status] GET https://api.github.com/user 200
[debug] [2022-02-28T11:16:08.337Z] <<< [apiv2][body] GET https://api.github.com/user {"login":"kndungu","id":17295379,"node_id":"MDQ6VXNlcjE3Mjk1Mzc5","avatar_url":"https://avatars.githubusercontent.com/u/17295379?v=4","gravatar_id":"","url":"https://api.github.com/users/kndungu","html_url":"https://github.com/kndungu","followers_url":"https://api.github.com/users/kndungu/followers","following_url":"https://api.github.com/users/kndungu/following{/other_user}","gists_url":"https://api.github.com/users/kndungu/gists{/gist_id}","starred_url":"https://api.github.com/users/kndungu/starred{/owner}{/repo}","subscriptions_url":"https://api.github.com/users/kndungu/subscriptions","organizations_url":"https://api.github.com/users/kndungu/orgs","repos_url":"https://api.github.com/users/kndungu/repos","events_url":"https://api.github.com/users/kndungu/events{/privacy}","received_events_url":"https://api.github.com/users/kndungu/received_events","type":"User","site_admin":false,"name":"Kinuthia Ndung'u","company":"data.world","blog":"","location":"Nairobi, Kenya","email":"kin.ndungu@gmail.com","hireable":null,"bio":null,"twitter_username":null,"public_repos":66,"public_gists":0,"followers":21,"following":6,"created_at":"2016-02-17T13:54:08Z","updated_at":"2021-12-20T14:13:51Z","private_gists":1,"total_private_repos":3,"owned_private_repos":3,"disk_usage":15565,"collaborators":0,"two_factor_authentication":false,"plan":{"name":"free","space":976562499,"collaborators":0,"private_repos":10000}}
[info] 
[info] ✔  Success! Logged into GitHub as kndungu 
[info] 
